# JRE version: OpenJDK Runtime Environment (8.0_202-b03) (build 1.8.0_202-release-1483-b03)
# Java VM: OpenJDK 64-Bit Server VM (25.202-b03 mixed mode windows-amd64 compressed oops)
Heap:
 PSYoungGen      total 299008K, used 135917K [0x00000000e0000000, 0x00000000f6380000, 0x0000000100000000)
  eden space 247296K, 51% used [0x00000000e0000000,0x00000000e7bd75b8,0x00000000ef180000)
  from space 51712K, 17% used [0x00000000f3100000,0x00000000f39e4020,0x00000000f6380000)
  to   space 58368K, 0% used [0x00000000ef180000,0x00000000ef180000,0x00000000f2a80000)
 ParOldGen       total 231936K, used 70113K [0x00000000a0000000, 0x00000000ae280000, 0x00000000e0000000)
  object space 231936K, 30% used [0x00000000a0000000,0x00000000a44787a0,0x00000000ae280000)
 Metaspace       used 85894K, capacity 88557K, committed 88744K, reserved 1126400K
  class space    used 10288K, capacity 10865K, committed 10920K, reserved 1048576K
GC Heap History (10 events):
Event: 141.449 GC heap before
{Heap before GC invocations=23 (full 4):
 PSYoungGen      total 194560K, used 194542K [0x00000000e0000000, 0x00000000ef900000, 0x0000000100000000)
  eden space 158208K, 100% used [0x00000000e0000000,0x00000000e9a80000,0x00000000e9a80000)
  from space 36352K, 99% used [0x00000000ec600000,0x00000000ee97ba10,0x00000000ee980000)
  to   space 44544K, 0% used [0x00000000e9a80000,0x00000000e9a80000,0x00000000ec600000)
 ParOldGen       total 164864K, used 98201K [0x00000000a0000000, 0x00000000aa100000, 0x00000000e0000000)
  object space 164864K, 59% used [0x00000000a0000000,0x00000000a5fe6580,0x00000000aa100000)
 Metaspace       used 74115K, capacity 76101K, committed 76200K, reserved 1116160K
  class space    used 9179K, capacity 9623K, committed 9640K, reserved 1048576K
Event: 141.649 GC heap after
Heap after GC invocations=23 (full 4):
 PSYoungGen      total 202752K, used 44530K [0x00000000e0000000, 0x00000000f3480000, 0x0000000100000000)
  eden space 158208K, 0% used [0x00000000e0000000,0x00000000e0000000,0x00000000e9a80000)
  from space 44544K, 99% used [0x00000000e9a80000,0x00000000ec5fcb10,0x00000000ec600000)
  to   space 56320K, 0% used [0x00000000efd80000,0x00000000efd80000,0x00000000f3480000)
 ParOldGen       total 164864K, used 111932K [0x00000000a0000000, 0x00000000aa100000, 0x00000000e0000000)
  object space 164864K, 67% used [0x00000000a0000000,0x00000000a6d4f1f8,0x00000000aa100000)
 Metaspace       used 74115K, capacity 76101K, committed 76200K, reserved 1116160K
  class space    used 9179K, capacity 9623K, committed 9640K, reserved 1048576K
}
Event: 151.071 GC heap before
{Heap before GC invocations=24 (full 4):
 PSYoungGen      total 202752K, used 202738K [0x00000000e0000000, 0x00000000f3480000, 0x0000000100000000)
  eden space 158208K, 100% used [0x00000000e0000000,0x00000000e9a80000,0x00000000e9a80000)
  from space 44544K, 99% used [0x00000000e9a80000,0x00000000ec5fcb10,0x00000000ec600000)
  to   space 56320K, 0% used [0x00000000efd80000,0x00000000efd80000,0x00000000f3480000)
 ParOldGen       total 164864K, used 111932K [0x00000000a0000000, 0x00000000aa100000, 0x00000000e0000000)
  object space 164864K, 67% used [0x00000000a0000000,0x00000000a6d4f1f8,0x00000000aa100000)
 Metaspace       used 75148K, capacity 77205K, committed 77352K, reserved 1116160K
  class space    used 9258K, capacity 9731K, committed 9768K, reserved 1048576K
Event: 151.632 GC heap after
Heap after GC invocations=24 (full 4):
 PSYoungGen      total 253952K, used 47410K [0x00000000e0000000, 0x00000000f4100000, 0x0000000100000000)
  eden space 197632K, 0% used [0x00000000e0000000,0x00000000e0000000,0x00000000ec100000)
  from space 56320K, 84% used [0x00000000efd80000,0x00000000f2bcc838,0x00000000f3480000)
  to   space 61952K, 0% used [0x00000000ec100000,0x00000000ec100000,0x00000000efd80000)
 ParOldGen       total 164864K, used 134351K [0x00000000a0000000, 0x00000000aa100000, 0x00000000e0000000)
  object space 164864K, 81% used [0x00000000a0000000,0x00000000a8333ef0,0x00000000aa100000)
 Metaspace       used 75148K, capacity 77205K, committed 77352K, reserved 1116160K
  class space    used 9258K, capacity 9731K, committed 9768K, reserved 1048576K
}
Event: 171.440 GC heap before
{Heap before GC invocations=25 (full 4):
 PSYoungGen      total 253952K, used 245042K [0x00000000e0000000, 0x00000000f4100000, 0x0000000100000000)
  eden space 197632K, 100% used [0x00000000e0000000,0x00000000ec100000,0x00000000ec100000)
  from space 56320K, 84% used [0x00000000efd80000,0x00000000f2bcc838,0x00000000f3480000)
  to   space 61952K, 0% used [0x00000000ec100000,0x00000000ec100000,0x00000000efd80000)
 ParOldGen       total 164864K, used 134351K [0x00000000a0000000, 0x00000000aa100000, 0x00000000e0000000)
  object space 164864K, 81% used [0x00000000a0000000,0x00000000a8333ef0,0x00000000aa100000)
 Metaspace       used 80232K, capacity 82397K, committed 82600K, reserved 1122304K
  class space    used 9818K, capacity 10303K, committed 10408K, reserved 1048576K
Event: 171.966 GC heap after
Heap after GC invocations=25 (full 4):
 PSYoungGen      total 259584K, used 27349K [0x00000000e0000000, 0x00000000f6a80000, 0x0000000100000000)
  eden space 197632K, 0% used [0x00000000e0000000,0x00000000e0000000,0x00000000ec100000)
  from space 61952K, 44% used [0x00000000ec100000,0x00000000edbb5470,0x00000000efd80000)
  to   space 58880K, 0% used [0x00000000f3100000,0x00000000f3100000,0x00000000f6a80000)
 ParOldGen       total 178176K, used 177858K [0x00000000a0000000, 0x00000000aae00000, 0x00000000e0000000)
  object space 178176K, 99% used [0x00000000a0000000,0x00000000aadb0a58,0x00000000aae00000)
 Metaspace       used 80232K, capacity 82397K, committed 82600K, reserved 1122304K
  class space    used 9818K, capacity 10303K, committed 10408K, reserved 1048576K
}
Event: 171.966 GC heap before
{Heap before GC invocations=26 (full 5):
 PSYoungGen      total 259584K, used 27349K [0x00000000e0000000, 0x00000000f6a80000, 0x0000000100000000)
  eden space 197632K, 0% used [0x00000000e0000000,0x00000000e0000000,0x00000000ec100000)
  from space 61952K, 44% used [0x00000000ec100000,0x00000000edbb5470,0x00000000efd80000)
  to   space 58880K, 0% used [0x00000000f3100000,0x00000000f3100000,0x00000000f6a80000)
 ParOldGen       total 178176K, used 177858K [0x00000000a0000000, 0x00000000aae00000, 0x00000000e0000000)
  object space 178176K, 99% used [0x00000000a0000000,0x00000000aadb0a58,0x00000000aae00000)
 Metaspace       used 80232K, capacity 82397K, committed 82600K, reserved 1122304K
  class space    used 9818K, capacity 10303K, committed 10408K, reserved 1048576K
Event: 174.216 GC heap after
Heap after GC invocations=26 (full 5):
 PSYoungGen      total 259584K, used 0K [0x00000000e0000000, 0x00000000f6a80000, 0x0000000100000000)
  eden space 197632K, 0% used [0x00000000e0000000,0x00000000e0000000,0x00000000ec100000)
  from space 61952K, 0% used [0x00000000ec100000,0x00000000ec100000,0x00000000efd80000)
  to   space 58880K, 0% used [0x00000000f3100000,0x00000000f3100000,0x00000000f6a80000)
 ParOldGen       total 231936K, used 70113K [0x00000000a0000000, 0x00000000ae280000, 0x00000000e0000000)
  object space 231936K, 30% used [0x00000000a0000000,0x00000000a44787a0,0x00000000ae280000)
 Metaspace       used 80232K, capacity 82397K, committed 82600K, reserved 1122304K
  class space    used 9818K, capacity 10303K, committed 10408K, reserved 1048576K
}
Event: 191.438 GC heap before
{Heap before GC invocations=27 (full 5):
 PSYoungGen      total 259584K, used 197632K [0x00000000e0000000, 0x00000000f6a80000, 0x0000000100000000)
  eden space 197632K, 100% used [0x00000000e0000000,0x00000000ec100000,0x00000000ec100000)
  from space 61952K, 0% used [0x00000000ec100000,0x00000000ec100000,0x00000000efd80000)
  to   space 58880K, 0% used [0x00000000f3100000,0x00000000f3100000,0x00000000f6a80000)
 ParOldGen       total 231936K, used 70113K [0x00000000a0000000, 0x00000000ae280000, 0x00000000e0000000)
  object space 231936K, 30% used [0x00000000a0000000,0x00000000a44787a0,0x00000000ae280000)
 Metaspace       used 85559K, capacity 88169K, committed 88488K, reserved 1126400K
  class space    used 10285K, capacity 10865K, committed 10920K, reserved 1048576K
Event: 191.484 GC heap after
Heap after GC invocations=27 (full 5):
 PSYoungGen      total 299008K, used 9104K [0x00000000e0000000, 0x00000000f6380000, 0x0000000100000000)
  eden space 247296K, 0% used [0x00000000e0000000,0x00000000e0000000,0x00000000ef180000)
  from space 51712K, 17% used [0x00000000f3100000,0x00000000f39e4020,0x00000000f6380000)
  to   space 58368K, 0% used [0x00000000ef180000,0x00000000ef180000,0x00000000f2a80000)
 ParOldGen       total 231936K, used 70113K [0x00000000a0000000, 0x00000000ae280000, 0x00000000e0000000)
  object space 231936K, 30% used [0x00000000a0000000,0x00000000a44787a0,0x00000000ae280000)
 Metaspace       used 85559K, capacity 88169K, committed 88488K, reserved 1126400K
  class space    used 10285K, capacity 10865K, committed 10920K, reserved 1048576K
}

