# JRE version: OpenJDK Runtime Environment (8.0_152-b01) (build 1.8.0_152-release-1343-b01)
# Java VM: OpenJDK 64-Bit Server VM (25.152-b01 mixed mode windows-amd64 compressed oops)
Heap:
 PSYoungGen      total 469504K, used 250640K [0x00000000e0000000, 0x0000000100000000, 0x0000000100000000)
  eden space 420864K, 51% used [0x00000000e0000000,0x00000000ed57f7e0,0x00000000f9b00000)
  from space 48640K, 65% used [0x00000000fd080000,0x00000000fefc4ba8,0x0000000100000000)
  to   space 51712K, 0% used [0x00000000f9b00000,0x00000000f9b00000,0x00000000fcd80000)
 ParOldGen       total 448000K, used 383388K [0x00000000a0000000, 0x00000000bb580000, 0x00000000e0000000)
  object space 448000K, 85% used [0x00000000a0000000,0x00000000b7667058,0x00000000bb580000)
 Metaspace       used 109224K, capacity 113694K, committed 113880K, reserved 1148928K
  class space    used 13536K, capacity 14326K, committed 14336K, reserved 1048576K
GC Heap History (10 events):
Event: 149.026 GC heap before
{Heap before GC invocations=50 (full 6):
 PSYoungGen      total 466944K, used 438144K [0x00000000e0000000, 0x00000000ffe80000, 0x0000000100000000)
  eden space 416768K, 100% used [0x00000000e0000000,0x00000000f9700000,0x00000000f9700000)
  from space 50176K, 42% used [0x00000000f9700000,0x00000000fabe0170,0x00000000fc800000)
  to   space 48640K, 0% used [0x00000000fcf00000,0x00000000fcf00000,0x00000000ffe80000)
 ParOldGen       total 448000K, used 372315K [0x00000000a0000000, 0x00000000bb580000, 0x00000000e0000000)
  object space 448000K, 83% used [0x00000000a0000000,0x00000000b6b96d58,0x00000000bb580000)
 Metaspace       used 105916K, capacity 109710K, committed 109912K, reserved 1144832K
  class space    used 13154K, capacity 13864K, committed 13952K, reserved 1048576K
Event: 149.108 GC heap after
Heap after GC invocations=50 (full 6):
 PSYoungGen      total 471040K, used 20208K [0x00000000e0000000, 0x00000000ffb80000, 0x0000000100000000)
  eden space 425472K, 0% used [0x00000000e0000000,0x00000000e0000000,0x00000000f9f80000)
  from space 45568K, 44% used [0x00000000fcf00000,0x00000000fe2bc050,0x00000000ffb80000)
  to   space 47104K, 0% used [0x00000000f9f80000,0x00000000f9f80000,0x00000000fcd80000)
 ParOldGen       total 448000K, used 373995K [0x00000000a0000000, 0x00000000bb580000, 0x00000000e0000000)
  object space 448000K, 83% used [0x00000000a0000000,0x00000000b6d3ad58,0x00000000bb580000)
 Metaspace       used 105916K, capacity 109710K, committed 109912K, reserved 1144832K
  class space    used 13154K, capacity 13864K, committed 13952K, reserved 1048576K
}
Event: 151.532 GC heap before
{Heap before GC invocations=51 (full 6):
 PSYoungGen      total 471040K, used 445680K [0x00000000e0000000, 0x00000000ffb80000, 0x0000000100000000)
  eden space 425472K, 100% used [0x00000000e0000000,0x00000000f9f80000,0x00000000f9f80000)
  from space 45568K, 44% used [0x00000000fcf00000,0x00000000fe2bc050,0x00000000ffb80000)
  to   space 47104K, 0% used [0x00000000f9f80000,0x00000000f9f80000,0x00000000fcd80000)
 ParOldGen       total 448000K, used 373995K [0x00000000a0000000, 0x00000000bb580000, 0x00000000e0000000)
  object space 448000K, 83% used [0x00000000a0000000,0x00000000b6d3ad58,0x00000000bb580000)
 Metaspace       used 105918K, capacity 109710K, committed 109912K, reserved 1144832K
  class space    used 13154K, capacity 13864K, committed 13952K, reserved 1048576K
Event: 151.584 GC heap after
Heap after GC invocations=51 (full 6):
 PSYoungGen      total 472576K, used 19104K [0x00000000e0000000, 0x00000000fff80000, 0x0000000100000000)
  eden space 425472K, 0% used [0x00000000e0000000,0x00000000e0000000,0x00000000f9f80000)
  from space 47104K, 40% used [0x00000000f9f80000,0x00000000fb228040,0x00000000fcd80000)
  to   space 46080K, 0% used [0x00000000fd280000,0x00000000fd280000,0x00000000fff80000)
 ParOldGen       total 448000K, used 375307K [0x00000000a0000000, 0x00000000bb580000, 0x00000000e0000000)
  object space 448000K, 83% used [0x00000000a0000000,0x00000000b6e82d68,0x00000000bb580000)
 Metaspace       used 105918K, capacity 109710K, committed 109912K, reserved 1144832K
  class space    used 13154K, capacity 13864K, committed 13952K, reserved 1048576K
}
Event: 156.078 GC heap before
{Heap before GC invocations=52 (full 6):
 PSYoungGen      total 472576K, used 444576K [0x00000000e0000000, 0x00000000fff80000, 0x0000000100000000)
  eden space 425472K, 100% used [0x00000000e0000000,0x00000000f9f80000,0x00000000f9f80000)
  from space 47104K, 40% used [0x00000000f9f80000,0x00000000fb228040,0x00000000fcd80000)
  to   space 46080K, 0% used [0x00000000fd280000,0x00000000fd280000,0x00000000fff80000)
 ParOldGen       total 448000K, used 375307K [0x00000000a0000000, 0x00000000bb580000, 0x00000000e0000000)
  object space 448000K, 83% used [0x00000000a0000000,0x00000000b6e82d68,0x00000000bb580000)
 Metaspace       used 106400K, capacity 110340K, committed 110552K, reserved 1146880K
  class space    used 13246K, capacity 13977K, committed 14080K, reserved 1048576K
Event: 156.199 GC heap after
Heap after GC invocations=52 (full 6):
 PSYoungGen      total 473600K, used 18485K [0x00000000e0000000, 0x00000000ffc00000, 0x0000000100000000)
  eden space 431104K, 0% used [0x00000000e0000000,0x00000000e0000000,0x00000000fa500000)
  from space 42496K, 43% used [0x00000000fd280000,0x00000000fe48d678,0x00000000ffc00000)
  to   space 44544K, 0% used [0x00000000fa500000,0x00000000fa500000,0x00000000fd080000)
 ParOldGen       total 448000K, used 376779K [0x00000000a0000000, 0x00000000bb580000, 0x00000000e0000000)
  object space 448000K, 84% used [0x00000000a0000000,0x00000000b6ff2d68,0x00000000bb580000)
 Metaspace       used 106400K, capacity 110340K, committed 110552K, reserved 1146880K
  class space    used 13246K, capacity 13977K, committed 14080K, reserved 1048576K
}
Event: 161.331 GC heap before
{Heap before GC invocations=53 (full 6):
 PSYoungGen      total 473600K, used 449589K [0x00000000e0000000, 0x00000000ffc00000, 0x0000000100000000)
  eden space 431104K, 100% used [0x00000000e0000000,0x00000000fa500000,0x00000000fa500000)
  from space 42496K, 43% used [0x00000000fd280000,0x00000000fe48d678,0x00000000ffc00000)
  to   space 44544K, 0% used [0x00000000fa500000,0x00000000fa500000,0x00000000fd080000)
 ParOldGen       total 448000K, used 376779K [0x00000000a0000000, 0x00000000bb580000, 0x00000000e0000000)
  object space 448000K, 84% used [0x00000000a0000000,0x00000000b6ff2d68,0x00000000bb580000)
 Metaspace       used 106461K, capacity 110434K, committed 110552K, reserved 1146880K
  class space    used 13251K, capacity 13982K, committed 14080K, reserved 1048576K
Event: 161.422 GC heap after
Heap after GC invocations=53 (full 6):
 PSYoungGen      total 475648K, used 44518K [0x00000000e0000000, 0x0000000100000000, 0x0000000100000000)
  eden space 431104K, 0% used [0x00000000e0000000,0x00000000e0000000,0x00000000fa500000)
  from space 44544K, 99% used [0x00000000fa500000,0x00000000fd0798a8,0x00000000fd080000)
  to   space 48640K, 0% used [0x00000000fd080000,0x00000000fd080000,0x0000000100000000)
 ParOldGen       total 448000K, used 381860K [0x00000000a0000000, 0x00000000bb580000, 0x00000000e0000000)
  object space 448000K, 85% used [0x00000000a0000000,0x00000000b74e9048,0x00000000bb580000)
 Metaspace       used 106461K, capacity 110434K, committed 110552K, reserved 1146880K
  class space    used 13251K, capacity 13982K, committed 14080K, reserved 1048576K
}
Event: 171.233 GC heap before
{Heap before GC invocations=54 (full 6):
 PSYoungGen      total 475648K, used 475622K [0x00000000e0000000, 0x0000000100000000, 0x0000000100000000)
  eden space 431104K, 100% used [0x00000000e0000000,0x00000000fa500000,0x00000000fa500000)
  from space 44544K, 99% used [0x00000000fa500000,0x00000000fd0798a8,0x00000000fd080000)
  to   space 48640K, 0% used [0x00000000fd080000,0x00000000fd080000,0x0000000100000000)
 ParOldGen       total 448000K, used 381860K [0x00000000a0000000, 0x00000000bb580000, 0x00000000e0000000)
  object space 448000K, 85% used [0x00000000a0000000,0x00000000b74e9048,0x00000000bb580000)
 Metaspace       used 108348K, capacity 112724K, committed 112856K, reserved 1148928K
  class space    used 13463K, capacity 14265K, committed 14336K, reserved 1048576K
Event: 171.414 GC heap after
Heap after GC invocations=54 (full 6):
 PSYoungGen      total 469504K, used 32018K [0x00000000e0000000, 0x0000000100000000, 0x0000000100000000)
  eden space 420864K, 0% used [0x00000000e0000000,0x00000000e0000000,0x00000000f9b00000)
  from space 48640K, 65% used [0x00000000fd080000,0x00000000fefc4ba8,0x0000000100000000)
  to   space 51712K, 0% used [0x00000000f9b00000,0x00000000f9b00000,0x00000000fcd80000)
 ParOldGen       total 448000K, used 383388K [0x00000000a0000000, 0x00000000bb580000, 0x00000000e0000000)
  object space 448000K, 85% used [0x00000000a0000000,0x00000000b7667058,0x00000000bb580000)
 Metaspace       used 108348K, capacity 112724K, committed 112856K, reserved 1148928K
  class space    used 13463K, capacity 14265K, committed 14336K, reserved 1048576K
}

