# JRE version: OpenJDK Runtime Environment (8.0_152-b01) (build 1.8.0_152-release-1343-b01)
# Java VM: OpenJDK 64-Bit Server VM (25.152-b01 mixed mode windows-amd64 compressed oops)
Heap:
 PSYoungGen      total 416768K, used 65038K [0x00000000e0000000, 0x0000000100000000, 0x0000000100000000)
  eden space 323584K, 0% used [0x00000000e0000000,0x00000000e02d9c88,0x00000000f3c00000)
  from space 93184K, 66% used [0x00000000f9980000,0x00000000fd629d30,0x00000000ff480000)
  to   space 95744K, 0% used [0x00000000f3c00000,0x00000000f3c00000,0x00000000f9980000)
 ParOldGen       total 331776K, used 161307K [0x00000000a0000000, 0x00000000b4400000, 0x00000000e0000000)
  object space 331776K, 48% used [0x00000000a0000000,0x00000000a9d86d50,0x00000000b4400000)
 Metaspace       used 179187K, capacity 189056K, committed 189168K, reserved 1214464K
  class space    used 22652K, capacity 24599K, committed 24600K, reserved 1048576K
GC Heap History (10 events):
Event: 745.111 GC heap before
{Heap before GC invocations=31 (full 4):
 PSYoungGen      total 371200K, used 184112K [0x00000000e0000000, 0x00000000fd980000, 0x0000000100000000)
  eden space 293888K, 37% used [0x00000000e0000000,0x00000000e6bcf948,0x00000000f1f00000)
  from space 77312K, 95% used [0x00000000f7500000,0x00000000fbcfc8a8,0x00000000fc080000)
  to   space 88064K, 0% used [0x00000000f1f00000,0x00000000f1f00000,0x00000000f7500000)
 ParOldGen       total 241664K, used 101905K [0x00000000a0000000, 0x00000000aec00000, 0x00000000e0000000)
  object space 241664K, 42% used [0x00000000a0000000,0x00000000a63847b8,0x00000000aec00000)
 Metaspace       used 156048K, capacity 164294K, committed 164336K, reserved 1191936K
  class space    used 19893K, capacity 21488K, committed 21528K, reserved 1048576K
Event: 745.393 GC heap after
Heap after GC invocations=31 (full 4):
 PSYoungGen      total 381952K, used 84452K [0x00000000e0000000, 0x0000000100000000, 0x0000000100000000)
  eden space 293888K, 0% used [0x00000000e0000000,0x00000000e0000000,0x00000000f1f00000)
  from space 88064K, 95% used [0x00000000f1f00000,0x00000000f7179058,0x00000000f7500000)
  to   space 100352K, 0% used [0x00000000f9e00000,0x00000000f9e00000,0x0000000100000000)
 ParOldGen       total 241664K, used 101913K [0x00000000a0000000, 0x00000000aec00000, 0x00000000e0000000)
  object space 241664K, 42% used [0x00000000a0000000,0x00000000a63867b8,0x00000000aec00000)
 Metaspace       used 156048K, capacity 164294K, committed 164336K, reserved 1191936K
  class space    used 19893K, capacity 21488K, committed 21528K, reserved 1048576K
}
Event: 745.393 GC heap before
{Heap before GC invocations=32 (full 5):
 PSYoungGen      total 381952K, used 84452K [0x00000000e0000000, 0x0000000100000000, 0x0000000100000000)
  eden space 293888K, 0% used [0x00000000e0000000,0x00000000e0000000,0x00000000f1f00000)
  from space 88064K, 95% used [0x00000000f1f00000,0x00000000f7179058,0x00000000f7500000)
  to   space 100352K, 0% used [0x00000000f9e00000,0x00000000f9e00000,0x0000000100000000)
 ParOldGen       total 241664K, used 101913K [0x00000000a0000000, 0x00000000aec00000, 0x00000000e0000000)
  object space 241664K, 42% used [0x00000000a0000000,0x00000000a63867b8,0x00000000aec00000)
 Metaspace       used 156048K, capacity 164294K, committed 164336K, reserved 1191936K
  class space    used 19893K, capacity 21488K, committed 21528K, reserved 1048576K
Event: 750.122 GC heap after
Heap after GC invocations=32 (full 5):
 PSYoungGen      total 381952K, used 0K [0x00000000e0000000, 0x0000000100000000, 0x0000000100000000)
  eden space 293888K, 0% used [0x00000000e0000000,0x00000000e0000000,0x00000000f1f00000)
  from space 88064K, 0% used [0x00000000f1f00000,0x00000000f1f00000,0x00000000f7500000)
  to   space 100352K, 0% used [0x00000000f9e00000,0x00000000f9e00000,0x0000000100000000)
 ParOldGen       total 331776K, used 161283K [0x00000000a0000000, 0x00000000b4400000, 0x00000000e0000000)
  object space 331776K, 48% used [0x00000000a0000000,0x00000000a9d80d50,0x00000000b4400000)
 Metaspace       used 155965K, capacity 164056K, committed 164336K, reserved 1191936K
  class space    used 19871K, capacity 21432K, committed 21528K, reserved 1048576K
}
Event: 1360.453 GC heap before
{Heap before GC invocations=33 (full 5):
 PSYoungGen      total 381952K, used 293888K [0x00000000e0000000, 0x0000000100000000, 0x0000000100000000)
  eden space 293888K, 100% used [0x00000000e0000000,0x00000000f1f00000,0x00000000f1f00000)
  from space 88064K, 0% used [0x00000000f1f00000,0x00000000f1f00000,0x00000000f7500000)
  to   space 100352K, 0% used [0x00000000f9e00000,0x00000000f9e00000,0x0000000100000000)
 ParOldGen       total 331776K, used 161283K [0x00000000a0000000, 0x00000000b4400000, 0x00000000e0000000)
  object space 331776K, 48% used [0x00000000a0000000,0x00000000a9d80d50,0x00000000b4400000)
 Metaspace       used 168497K, capacity 177306K, committed 177776K, reserved 1204224K
  class space    used 21357K, capacity 23077K, committed 23192K, reserved 1048576K
Event: 1361.555 GC heap after
Heap after GC invocations=33 (full 5):
 PSYoungGen      total 426496K, used 23693K [0x00000000e0000000, 0x0000000100000000, 0x0000000100000000)
  eden space 326144K, 0% used [0x00000000e0000000,0x00000000e0000000,0x00000000f3e80000)
  from space 100352K, 23% used [0x00000000f9e00000,0x00000000fb5237f0,0x0000000100000000)
  to   space 97792K, 0% used [0x00000000f3e80000,0x00000000f3e80000,0x00000000f9e00000)
 ParOldGen       total 331776K, used 161291K [0x00000000a0000000, 0x00000000b4400000, 0x00000000e0000000)
  object space 331776K, 48% used [0x00000000a0000000,0x00000000a9d82d50,0x00000000b4400000)
 Metaspace       used 168497K, capacity 177306K, committed 177776K, reserved 1204224K
  class space    used 21357K, capacity 23077K, committed 23192K, reserved 1048576K
}
Event: 1378.504 GC heap before
{Heap before GC invocations=34 (full 5):
 PSYoungGen      total 426496K, used 349837K [0x00000000e0000000, 0x0000000100000000, 0x0000000100000000)
  eden space 326144K, 100% used [0x00000000e0000000,0x00000000f3e80000,0x00000000f3e80000)
  from space 100352K, 23% used [0x00000000f9e00000,0x00000000fb5237f0,0x0000000100000000)
  to   space 97792K, 0% used [0x00000000f3e80000,0x00000000f3e80000,0x00000000f9e00000)
 ParOldGen       total 331776K, used 161291K [0x00000000a0000000, 0x00000000b4400000, 0x00000000e0000000)
  object space 331776K, 48% used [0x00000000a0000000,0x00000000a9d82d50,0x00000000b4400000)
 Metaspace       used 175323K, capacity 184998K, committed 185328K, reserved 1210368K
  class space    used 22366K, capacity 24260K, committed 24344K, reserved 1048576K
Event: 1380.311 GC heap after
Heap after GC invocations=34 (full 5):
 PSYoungGen      total 368640K, used 42332K [0x00000000e0000000, 0x00000000ff480000, 0x0000000100000000)
  eden space 326144K, 0% used [0x00000000e0000000,0x00000000e0000000,0x00000000f3e80000)
  from space 42496K, 99% used [0x00000000f3e80000,0x00000000f67d72c0,0x00000000f6800000)
  to   space 93184K, 0% used [0x00000000f9980000,0x00000000f9980000,0x00000000ff480000)
 ParOldGen       total 331776K, used 161299K [0x00000000a0000000, 0x00000000b4400000, 0x00000000e0000000)
  object space 331776K, 48% used [0x00000000a0000000,0x00000000a9d84d50,0x00000000b4400000)
 Metaspace       used 175323K, capacity 184998K, committed 185328K, reserved 1210368K
  class space    used 22366K, capacity 24260K, committed 24344K, reserved 1048576K
}
Event: 1405.404 GC heap before
{Heap before GC invocations=35 (full 5):
 PSYoungGen      total 368640K, used 368476K [0x00000000e0000000, 0x00000000ff480000, 0x0000000100000000)
  eden space 326144K, 100% used [0x00000000e0000000,0x00000000f3e80000,0x00000000f3e80000)
  from space 42496K, 99% used [0x00000000f3e80000,0x00000000f67d72c0,0x00000000f6800000)
  to   space 93184K, 0% used [0x00000000f9980000,0x00000000f9980000,0x00000000ff480000)
 ParOldGen       total 331776K, used 161299K [0x00000000a0000000, 0x00000000b4400000, 0x00000000e0000000)
  object space 331776K, 48% used [0x00000000a0000000,0x00000000a9d84d50,0x00000000b4400000)
 Metaspace       used 179168K, capacity 189034K, committed 189168K, reserved 1214464K
  class space    used 22649K, capacity 24594K, committed 24600K, reserved 1048576K
Event: 1407.595 GC heap after
Heap after GC invocations=35 (full 5):
 PSYoungGen      total 416768K, used 62119K [0x00000000e0000000, 0x0000000100000000, 0x0000000100000000)
  eden space 323584K, 0% used [0x00000000e0000000,0x00000000e0000000,0x00000000f3c00000)
  from space 93184K, 66% used [0x00000000f9980000,0x00000000fd629d30,0x00000000ff480000)
  to   space 95744K, 0% used [0x00000000f3c00000,0x00000000f3c00000,0x00000000f9980000)
 ParOldGen       total 331776K, used 161307K [0x00000000a0000000, 0x00000000b4400000, 0x00000000e0000000)
  object space 331776K, 48% used [0x00000000a0000000,0x00000000a9d86d50,0x00000000b4400000)
 Metaspace       used 179168K, capacity 189034K, committed 189168K, reserved 1214464K
  class space    used 22649K, capacity 24594K, committed 24600K, reserved 1048576K
}

