# JRE version: OpenJDK Runtime Environment (8.0_152-b01) (build 1.8.0_152-release-1343-b01)
# Java VM: OpenJDK 64-Bit Server VM (25.152-b01 mixed mode windows-amd64 compressed oops)
Heap:
 PSYoungGen      total 349696K, used 155839K [0x00000000e0000000, 0x0000000100000000, 0x0000000100000000)
  eden space 175104K, 88% used [0x00000000e0000000,0x00000000e96ffe88,0x00000000eab00000)
  from space 174592K, 0% used [0x00000000f5580000,0x00000000f56b0000,0x0000000100000000)
  to   space 174592K, 0% used [0x00000000eab00000,0x00000000eab00000,0x00000000f5580000)
 ParOldGen       total 594432K, used 368082K [0x00000000a0000000, 0x00000000c4480000, 0x00000000e0000000)
  object space 594432K, 61% used [0x00000000a0000000,0x00000000b6774b60,0x00000000c4480000)
 Metaspace       used 126046K, capacity 132325K, committed 132504K, reserved 1165312K
  class space    used 15399K, capacity 16466K, committed 16536K, reserved 1048576K
GC Heap History (10 events):
Event: 3141.377 GC heap before
{Heap before GC invocations=58 (full 6):
 PSYoungGen      total 349696K, used 175104K [0x00000000e0000000, 0x0000000100000000, 0x0000000100000000)
  eden space 175104K, 100% used [0x00000000e0000000,0x00000000eab00000,0x00000000eab00000)
  from space 174592K, 0% used [0x00000000eab00000,0x00000000eab00000,0x00000000f5580000)
  to   space 174592K, 0% used [0x00000000f5580000,0x00000000f5580000,0x0000000100000000)
 ParOldGen       total 594432K, used 362006K [0x00000000a0000000, 0x00000000c4480000, 0x00000000e0000000)
  object space 594432K, 60% used [0x00000000a0000000,0x00000000b61859a0,0x00000000c4480000)
 Metaspace       used 125673K, capacity 131905K, committed 132248K, reserved 1165312K
  class space    used 15366K, capacity 16436K, committed 16536K, reserved 1048576K
Event: 3141.442 GC heap after
Heap after GC invocations=58 (full 6):
 PSYoungGen      total 349696K, used 1552K [0x00000000e0000000, 0x0000000100000000, 0x0000000100000000)
  eden space 175104K, 0% used [0x00000000e0000000,0x00000000e0000000,0x00000000eab00000)
  from space 174592K, 0% used [0x00000000f5580000,0x00000000f5704010,0x0000000100000000)
  to   space 174592K, 0% used [0x00000000eab00000,0x00000000eab00000,0x00000000f5580000)
 ParOldGen       total 594432K, used 362006K [0x00000000a0000000, 0x00000000c4480000, 0x00000000e0000000)
  object space 594432K, 60% used [0x00000000a0000000,0x00000000b61859a0,0x00000000c4480000)
 Metaspace       used 125673K, capacity 131905K, committed 132248K, reserved 1165312K
  class space    used 15366K, capacity 16436K, committed 16536K, reserved 1048576K
}
Event: 3144.494 GC heap before
{Heap before GC invocations=59 (full 6):
 PSYoungGen      total 349696K, used 176656K [0x00000000e0000000, 0x0000000100000000, 0x0000000100000000)
  eden space 175104K, 100% used [0x00000000e0000000,0x00000000eab00000,0x00000000eab00000)
  from space 174592K, 0% used [0x00000000f5580000,0x00000000f5704010,0x0000000100000000)
  to   space 174592K, 0% used [0x00000000eab00000,0x00000000eab00000,0x00000000f5580000)
 ParOldGen       total 594432K, used 362006K [0x00000000a0000000, 0x00000000c4480000, 0x00000000e0000000)
  object space 594432K, 60% used [0x00000000a0000000,0x00000000b61859a0,0x00000000c4480000)
 Metaspace       used 125703K, capacity 131911K, committed 132248K, reserved 1165312K
  class space    used 15367K, capacity 16437K, committed 16536K, reserved 1048576K
Event: 3144.549 GC heap after
Heap after GC invocations=59 (full 6):
 PSYoungGen      total 349696K, used 3440K [0x00000000e0000000, 0x0000000100000000, 0x0000000100000000)
  eden space 175104K, 0% used [0x00000000e0000000,0x00000000e0000000,0x00000000eab00000)
  from space 174592K, 1% used [0x00000000eab00000,0x00000000eae5c040,0x00000000f5580000)
  to   space 174592K, 0% used [0x00000000f5580000,0x00000000f5580000,0x0000000100000000)
 ParOldGen       total 594432K, used 362006K [0x00000000a0000000, 0x00000000c4480000, 0x00000000e0000000)
  object space 594432K, 60% used [0x00000000a0000000,0x00000000b61859a0,0x00000000c4480000)
 Metaspace       used 125703K, capacity 131911K, committed 132248K, reserved 1165312K
  class space    used 15367K, capacity 16437K, committed 16536K, reserved 1048576K
}
Event: 3152.168 GC heap before
{Heap before GC invocations=60 (full 6):
 PSYoungGen      total 349696K, used 178544K [0x00000000e0000000, 0x0000000100000000, 0x0000000100000000)
  eden space 175104K, 100% used [0x00000000e0000000,0x00000000eab00000,0x00000000eab00000)
  from space 174592K, 1% used [0x00000000eab00000,0x00000000eae5c040,0x00000000f5580000)
  to   space 174592K, 0% used [0x00000000f5580000,0x00000000f5580000,0x0000000100000000)
 ParOldGen       total 594432K, used 362006K [0x00000000a0000000, 0x00000000c4480000, 0x00000000e0000000)
  object space 594432K, 60% used [0x00000000a0000000,0x00000000b61859a0,0x00000000c4480000)
 Metaspace       used 125783K, capacity 132023K, committed 132248K, reserved 1165312K
  class space    used 15376K, capacity 16447K, committed 16536K, reserved 1048576K
Event: 3152.227 GC heap after
Heap after GC invocations=60 (full 6):
 PSYoungGen      total 349696K, used 3856K [0x00000000e0000000, 0x0000000100000000, 0x0000000100000000)
  eden space 175104K, 0% used [0x00000000e0000000,0x00000000e0000000,0x00000000eab00000)
  from space 174592K, 2% used [0x00000000f5580000,0x00000000f5944170,0x0000000100000000)
  to   space 174592K, 0% used [0x00000000eab00000,0x00000000eab00000,0x00000000f5580000)
 ParOldGen       total 594432K, used 363462K [0x00000000a0000000, 0x00000000c4480000, 0x00000000e0000000)
  object space 594432K, 61% used [0x00000000a0000000,0x00000000b62f19d0,0x00000000c4480000)
 Metaspace       used 125783K, capacity 132023K, committed 132248K, reserved 1165312K
  class space    used 15376K, capacity 16447K, committed 16536K, reserved 1048576K
}
Event: 3157.338 GC heap before
{Heap before GC invocations=61 (full 6):
 PSYoungGen      total 349696K, used 178960K [0x00000000e0000000, 0x0000000100000000, 0x0000000100000000)
  eden space 175104K, 100% used [0x00000000e0000000,0x00000000eab00000,0x00000000eab00000)
  from space 174592K, 2% used [0x00000000f5580000,0x00000000f5944170,0x0000000100000000)
  to   space 174592K, 0% used [0x00000000eab00000,0x00000000eab00000,0x00000000f5580000)
 ParOldGen       total 594432K, used 363462K [0x00000000a0000000, 0x00000000c4480000, 0x00000000e0000000)
  object space 594432K, 61% used [0x00000000a0000000,0x00000000b62f19d0,0x00000000c4480000)
 Metaspace       used 125947K, capacity 132237K, committed 132504K, reserved 1165312K
  class space    used 15390K, capacity 16464K, committed 16536K, reserved 1048576K
Event: 3157.393 GC heap after
Heap after GC invocations=61 (full 6):
 PSYoungGen      total 349696K, used 1184K [0x00000000e0000000, 0x0000000100000000, 0x0000000100000000)
  eden space 175104K, 0% used [0x00000000e0000000,0x00000000e0000000,0x00000000eab00000)
  from space 174592K, 0% used [0x00000000eab00000,0x00000000eac28000,0x00000000f5580000)
  to   space 174592K, 0% used [0x00000000f5580000,0x00000000f5580000,0x0000000100000000)
 ParOldGen       total 594432K, used 367106K [0x00000000a0000000, 0x00000000c4480000, 0x00000000e0000000)
  object space 594432K, 61% used [0x00000000a0000000,0x00000000b6680b50,0x00000000c4480000)
 Metaspace       used 125947K, capacity 132237K, committed 132504K, reserved 1165312K
  class space    used 15390K, capacity 16464K, committed 16536K, reserved 1048576K
}
Event: 3161.719 GC heap before
{Heap before GC invocations=62 (full 6):
 PSYoungGen      total 349696K, used 176288K [0x00000000e0000000, 0x0000000100000000, 0x0000000100000000)
  eden space 175104K, 100% used [0x00000000e0000000,0x00000000eab00000,0x00000000eab00000)
  from space 174592K, 0% used [0x00000000eab00000,0x00000000eac28000,0x00000000f5580000)
  to   space 174592K, 0% used [0x00000000f5580000,0x00000000f5580000,0x0000000100000000)
 ParOldGen       total 594432K, used 367106K [0x00000000a0000000, 0x00000000c4480000, 0x00000000e0000000)
  object space 594432K, 61% used [0x00000000a0000000,0x00000000b6680b50,0x00000000c4480000)
 Metaspace       used 125980K, capacity 132261K, committed 132504K, reserved 1165312K
  class space    used 15391K, capacity 16466K, committed 16536K, reserved 1048576K
Event: 3161.764 GC heap after
Heap after GC invocations=62 (full 6):
 PSYoungGen      total 349696K, used 1216K [0x00000000e0000000, 0x0000000100000000, 0x0000000100000000)
  eden space 175104K, 0% used [0x00000000e0000000,0x00000000e0000000,0x00000000eab00000)
  from space 174592K, 0% used [0x00000000f5580000,0x00000000f56b0000,0x0000000100000000)
  to   space 174592K, 0% used [0x00000000eab00000,0x00000000eab00000,0x00000000f5580000)
 ParOldGen       total 594432K, used 368082K [0x00000000a0000000, 0x00000000c4480000, 0x00000000e0000000)
  object space 594432K, 61% used [0x00000000a0000000,0x00000000b6774b60,0x00000000c4480000)
 Metaspace       used 125980K, capacity 132261K, committed 132504K, reserved 1165312K
  class space    used 15391K, capacity 16466K, committed 16536K, reserved 1048576K
}

