# JRE version: OpenJDK Runtime Environment (8.0_202-b03) (build 1.8.0_202-release-1483-b03)
# Java VM: OpenJDK 64-Bit Server VM (25.202-b03 mixed mode windows-amd64 compressed oops)
Heap:
 PSYoungGen      total 133632K, used 124412K [0x00000000d5c00000, 0x00000000e1280000, 0x0000000100000000)
  eden space 105984K, 91% used [0x00000000d5c00000,0x00000000dba83978,0x00000000dc380000)
  from space 27648K, 99% used [0x00000000de680000,0x00000000e017b7e0,0x00000000e0180000)
  to   space 35840K, 0% used [0x00000000dc380000,0x00000000dc380000,0x00000000de680000)
 ParOldGen       total 126976K, used 51835K [0x0000000081400000, 0x0000000089000000, 0x00000000d5c00000)
  object space 126976K, 40% used [0x0000000081400000,0x000000008469ecc8,0x0000000089000000)
 Metaspace       used 53416K, capacity 54533K, committed 54704K, reserved 1097728K
  class space    used 6708K, capacity 6983K, committed 7088K, reserved 1048576K
GC Heap History (10 events):
Event: 36.863 GC heap before
{Heap before GC invocations=8 (full 2):
 PSYoungGen      total 80384K, used 15520K [0x00000000d5c00000, 0x00000000dd880000, 0x0000000100000000)
  eden space 63488K, 0% used [0x00000000d5c00000,0x00000000d5c00000,0x00000000d9a00000)
  from space 16896K, 91% used [0x00000000dac80000,0x00000000dbba8250,0x00000000dbd00000)
  to   space 18944K, 0% used [0x00000000d9a00000,0x00000000d9a00000,0x00000000dac80000)
 ParOldGen       total 65536K, used 21997K [0x0000000081400000, 0x0000000085400000, 0x00000000d5c00000)
  object space 65536K, 33% used [0x0000000081400000,0x000000008297b5e8,0x0000000085400000)
 Metaspace       used 34729K, capacity 35287K, committed 35496K, reserved 1081344K
  class space    used 4426K, capacity 4606K, committed 4656K, reserved 1048576K
Event: 37.187 GC heap after
Heap after GC invocations=8 (full 2):
 PSYoungGen      total 80384K, used 0K [0x00000000d5c00000, 0x00000000dd880000, 0x0000000100000000)
  eden space 63488K, 0% used [0x00000000d5c00000,0x00000000d5c00000,0x00000000d9a00000)
  from space 16896K, 0% used [0x00000000dac80000,0x00000000dac80000,0x00000000dbd00000)
  to   space 18944K, 0% used [0x00000000d9a00000,0x00000000d9a00000,0x00000000dac80000)
 ParOldGen       total 126976K, used 32627K [0x0000000081400000, 0x0000000089000000, 0x00000000d5c00000)
  object space 126976K, 25% used [0x0000000081400000,0x00000000833dcc88,0x0000000089000000)
 Metaspace       used 34729K, capacity 35287K, committed 35496K, reserved 1081344K
  class space    used 4426K, capacity 4606K, committed 4656K, reserved 1048576K
}
Event: 40.575 GC heap before
{Heap before GC invocations=9 (full 2):
 PSYoungGen      total 80384K, used 63488K [0x00000000d5c00000, 0x00000000dd880000, 0x0000000100000000)
  eden space 63488K, 100% used [0x00000000d5c00000,0x00000000d9a00000,0x00000000d9a00000)
  from space 16896K, 0% used [0x00000000dac80000,0x00000000dac80000,0x00000000dbd00000)
  to   space 18944K, 0% used [0x00000000d9a00000,0x00000000d9a00000,0x00000000dac80000)
 ParOldGen       total 126976K, used 32627K [0x0000000081400000, 0x0000000089000000, 0x00000000d5c00000)
  object space 126976K, 25% used [0x0000000081400000,0x00000000833dcc88,0x0000000089000000)
 Metaspace       used 41286K, capacity 41943K, committed 42160K, reserved 1085440K
  class space    used 5307K, capacity 5516K, committed 5552K, reserved 1048576K
Event: 40.631 GC heap after
Heap after GC invocations=9 (full 2):
 PSYoungGen      total 82432K, used 13493K [0x00000000d5c00000, 0x00000000dda80000, 0x0000000100000000)
  eden space 63488K, 0% used [0x00000000d5c00000,0x00000000d5c00000,0x00000000d9a00000)
  from space 18944K, 71% used [0x00000000d9a00000,0x00000000da72d7c0,0x00000000dac80000)
  to   space 18944K, 0% used [0x00000000dc800000,0x00000000dc800000,0x00000000dda80000)
 ParOldGen       total 126976K, used 32627K [0x0000000081400000, 0x0000000089000000, 0x00000000d5c00000)
  object space 126976K, 25% used [0x0000000081400000,0x00000000833dcc88,0x0000000089000000)
 Metaspace       used 41286K, capacity 41943K, committed 42160K, reserved 1085440K
  class space    used 5307K, capacity 5516K, committed 5552K, reserved 1048576K
}
Event: 45.879 GC heap before
{Heap before GC invocations=10 (full 2):
 PSYoungGen      total 82432K, used 76981K [0x00000000d5c00000, 0x00000000dda80000, 0x0000000100000000)
  eden space 63488K, 100% used [0x00000000d5c00000,0x00000000d9a00000,0x00000000d9a00000)
  from space 18944K, 71% used [0x00000000d9a00000,0x00000000da72d7c0,0x00000000dac80000)
  to   space 18944K, 0% used [0x00000000dc800000,0x00000000dc800000,0x00000000dda80000)
 ParOldGen       total 126976K, used 32627K [0x0000000081400000, 0x0000000089000000, 0x00000000d5c00000)
  object space 126976K, 25% used [0x0000000081400000,0x00000000833dcc88,0x0000000089000000)
 Metaspace       used 46824K, capacity 47755K, committed 48048K, reserved 1091584K
  class space    used 6029K, capacity 6276K, committed 6320K, reserved 1048576K
Event: 45.929 GC heap after
Heap after GC invocations=10 (full 2):
 PSYoungGen      total 106496K, used 18924K [0x00000000d5c00000, 0x00000000de200000, 0x0000000100000000)
  eden space 87552K, 0% used [0x00000000d5c00000,0x00000000d5c00000,0x00000000db180000)
  from space 18944K, 99% used [0x00000000dc800000,0x00000000dda7b198,0x00000000dda80000)
  to   space 23040K, 0% used [0x00000000db180000,0x00000000db180000,0x00000000dc800000)
 ParOldGen       total 126976K, used 35923K [0x0000000081400000, 0x0000000089000000, 0x00000000d5c00000)
  object space 126976K, 28% used [0x0000000081400000,0x0000000083714ce0,0x0000000089000000)
 Metaspace       used 46824K, capacity 47755K, committed 48048K, reserved 1091584K
  class space    used 6029K, capacity 6276K, committed 6320K, reserved 1048576K
}
Event: 50.251 GC heap before
{Heap before GC invocations=11 (full 2):
 PSYoungGen      total 106496K, used 106476K [0x00000000d5c00000, 0x00000000de200000, 0x0000000100000000)
  eden space 87552K, 100% used [0x00000000d5c00000,0x00000000db180000,0x00000000db180000)
  from space 18944K, 99% used [0x00000000dc800000,0x00000000dda7b198,0x00000000dda80000)
  to   space 23040K, 0% used [0x00000000db180000,0x00000000db180000,0x00000000dc800000)
 ParOldGen       total 126976K, used 35923K [0x0000000081400000, 0x0000000089000000, 0x00000000d5c00000)
  object space 126976K, 28% used [0x0000000081400000,0x0000000083714ce0,0x0000000089000000)
 Metaspace       used 48183K, capacity 49173K, committed 49456K, reserved 1091584K
  class space    used 6142K, capacity 6391K, committed 6448K, reserved 1048576K
Event: 50.358 GC heap after
Heap after GC invocations=11 (full 2):
 PSYoungGen      total 110592K, used 23010K [0x00000000d5c00000, 0x00000000e0180000, 0x0000000100000000)
  eden space 87552K, 0% used [0x00000000d5c00000,0x00000000d5c00000,0x00000000db180000)
  from space 23040K, 99% used [0x00000000db180000,0x00000000dc7f8be0,0x00000000dc800000)
  to   space 27648K, 0% used [0x00000000de680000,0x00000000de680000,0x00000000e0180000)
 ParOldGen       total 126976K, used 39939K [0x0000000081400000, 0x0000000089000000, 0x00000000d5c00000)
  object space 126976K, 31% used [0x0000000081400000,0x0000000083b00f10,0x0000000089000000)
 Metaspace       used 48183K, capacity 49173K, committed 49456K, reserved 1091584K
  class space    used 6142K, capacity 6391K, committed 6448K, reserved 1048576K
}
Event: 58.500 GC heap before
{Heap before GC invocations=12 (full 2):
 PSYoungGen      total 110592K, used 110562K [0x00000000d5c00000, 0x00000000e0180000, 0x0000000100000000)
  eden space 87552K, 100% used [0x00000000d5c00000,0x00000000db180000,0x00000000db180000)
  from space 23040K, 99% used [0x00000000db180000,0x00000000dc7f8be0,0x00000000dc800000)
  to   space 27648K, 0% used [0x00000000de680000,0x00000000de680000,0x00000000e0180000)
 ParOldGen       total 126976K, used 39939K [0x0000000081400000, 0x0000000089000000, 0x00000000d5c00000)
  object space 126976K, 31% used [0x0000000081400000,0x0000000083b00f10,0x0000000089000000)
 Metaspace       used 52402K, capacity 53471K, committed 53552K, reserved 1095680K
  class space    used 6648K, capacity 6942K, committed 6960K, reserved 1048576K
Event: 58.660 GC heap after
Heap after GC invocations=12 (full 2):
 PSYoungGen      total 133632K, used 27629K [0x00000000d5c00000, 0x00000000e1280000, 0x0000000100000000)
  eden space 105984K, 0% used [0x00000000d5c00000,0x00000000d5c00000,0x00000000dc380000)
  from space 27648K, 99% used [0x00000000de680000,0x00000000e017b7e0,0x00000000e0180000)
  to   space 35840K, 0% used [0x00000000dc380000,0x00000000dc380000,0x00000000de680000)
 ParOldGen       total 126976K, used 51835K [0x0000000081400000, 0x0000000089000000, 0x00000000d5c00000)
  object space 126976K, 40% used [0x0000000081400000,0x000000008469ecc8,0x0000000089000000)
 Metaspace       used 52402K, capacity 53471K, committed 53552K, reserved 1095680K
  class space    used 6648K, capacity 6942K, committed 6960K, reserved 1048576K
}

