# JRE version: OpenJDK Runtime Environment (8.0_152-b01) (build 1.8.0_152-release-1343-b01)
# Java VM: OpenJDK 64-Bit Server VM (25.152-b01 mixed mode windows-amd64 compressed oops)
Heap:
 PSYoungGen      total 197120K, used 30677K [0x00000000e0000000, 0x00000000ef080000, 0x0000000100000000)
  eden space 159744K, 0% used [0x00000000e0000000,0x00000000e0000000,0x00000000e9c00000)
  from space 37376K, 82% used [0x00000000ec380000,0x00000000ee175580,0x00000000ee800000)
  to   space 40448K, 0% used [0x00000000e9c00000,0x00000000e9c00000,0x00000000ec380000)
 ParOldGen       total 92160K, used 73577K [0x00000000a0000000, 0x00000000a5a00000, 0x00000000e0000000)
  object space 92160K, 79% used [0x00000000a0000000,0x00000000a47da710,0x00000000a5a00000)
 Metaspace       used 53095K, capacity 54117K, committed 54232K, reserved 1097728K
  class space    used 6581K, capacity 6851K, committed 6912K, reserved 1048576K
GC Heap History (10 events):
Event: 58.317 GC heap after
Heap after GC invocations=8 (full 2):
 PSYoungGen      total 84992K, used 0K [0x00000000e0000000, 0x00000000e8780000, 0x0000000100000000)
  eden space 71168K, 0% used [0x00000000e0000000,0x00000000e0000000,0x00000000e4580000)
  from space 13824K, 0% used [0x00000000e5300000,0x00000000e5300000,0x00000000e6080000)
  to   space 13824K, 0% used [0x00000000e4580000,0x00000000e4580000,0x00000000e5300000)
 ParOldGen       total 92160K, used 21098K [0x00000000a0000000, 0x00000000a5a00000, 0x00000000e0000000)
  object space 92160K, 22% used [0x00000000a0000000,0x00000000a149abb0,0x00000000a5a00000)
 Metaspace       used 34703K, capacity 35239K, committed 35416K, reserved 1079296K
  class space    used 4514K, capacity 4688K, committed 4736K, reserved 1048576K
}
Event: 64.346 GC heap before
{Heap before GC invocations=9 (full 2):
 PSYoungGen      total 84992K, used 71168K [0x00000000e0000000, 0x00000000e8780000, 0x0000000100000000)
  eden space 71168K, 100% used [0x00000000e0000000,0x00000000e4580000,0x00000000e4580000)
  from space 13824K, 0% used [0x00000000e5300000,0x00000000e5300000,0x00000000e6080000)
  to   space 13824K, 0% used [0x00000000e4580000,0x00000000e4580000,0x00000000e5300000)
 ParOldGen       total 92160K, used 21098K [0x00000000a0000000, 0x00000000a5a00000, 0x00000000e0000000)
  object space 92160K, 22% used [0x00000000a0000000,0x00000000a149abb0,0x00000000a5a00000)
 Metaspace       used 43364K, capacity 44121K, committed 44504K, reserved 1087488K
  class space    used 5593K, capacity 5811K, committed 5888K, reserved 1048576K
Event: 64.408 GC heap after
Heap after GC invocations=9 (full 2):
 PSYoungGen      total 84992K, used 13816K [0x00000000e0000000, 0x00000000e9d00000, 0x0000000100000000)
  eden space 71168K, 0% used [0x00000000e0000000,0x00000000e0000000,0x00000000e4580000)
  from space 13824K, 99% used [0x00000000e4580000,0x00000000e52fe3d0,0x00000000e5300000)
  to   space 19968K, 0% used [0x00000000e8980000,0x00000000e8980000,0x00000000e9d00000)
 ParOldGen       total 92160K, used 29353K [0x00000000a0000000, 0x00000000a5a00000, 0x00000000e0000000)
  object space 92160K, 31% used [0x00000000a0000000,0x00000000a1caa620,0x00000000a5a00000)
 Metaspace       used 43364K, capacity 44121K, committed 44504K, reserved 1087488K
  class space    used 5593K, capacity 5811K, committed 5888K, reserved 1048576K
}
Event: 69.556 GC heap before
{Heap before GC invocations=10 (full 2):
 PSYoungGen      total 84992K, used 84984K [0x00000000e0000000, 0x00000000e9d00000, 0x0000000100000000)
  eden space 71168K, 100% used [0x00000000e0000000,0x00000000e4580000,0x00000000e4580000)
  from space 13824K, 99% used [0x00000000e4580000,0x00000000e52fe3d0,0x00000000e5300000)
  to   space 19968K, 0% used [0x00000000e8980000,0x00000000e8980000,0x00000000e9d00000)
 ParOldGen       total 92160K, used 29353K [0x00000000a0000000, 0x00000000a5a00000, 0x00000000e0000000)
  object space 92160K, 31% used [0x00000000a0000000,0x00000000a1caa620,0x00000000a5a00000)
 Metaspace       used 48994K, capacity 49855K, committed 50264K, reserved 1093632K
  class space    used 6234K, capacity 6478K, committed 6528K, reserved 1048576K
Event: 69.637 GC heap after
Heap after GC invocations=10 (full 2):
 PSYoungGen      total 134656K, used 19960K [0x00000000e0000000, 0x00000000ea800000, 0x0000000100000000)
  eden space 114688K, 0% used [0x00000000e0000000,0x00000000e0000000,0x00000000e7000000)
  from space 19968K, 99% used [0x00000000e8980000,0x00000000e9cfe220,0x00000000e9d00000)
  to   space 26112K, 0% used [0x00000000e7000000,0x00000000e7000000,0x00000000e8980000)
 ParOldGen       total 92160K, used 36537K [0x00000000a0000000, 0x00000000a5a00000, 0x00000000e0000000)
  object space 92160K, 39% used [0x00000000a0000000,0x00000000a23ae5f8,0x00000000a5a00000)
 Metaspace       used 48994K, capacity 49855K, committed 50264K, reserved 1093632K
  class space    used 6234K, capacity 6478K, committed 6528K, reserved 1048576K
}
Event: 77.037 GC heap before
{Heap before GC invocations=11 (full 2):
 PSYoungGen      total 134656K, used 134648K [0x00000000e0000000, 0x00000000ea800000, 0x0000000100000000)
  eden space 114688K, 100% used [0x00000000e0000000,0x00000000e7000000,0x00000000e7000000)
  from space 19968K, 99% used [0x00000000e8980000,0x00000000e9cfe220,0x00000000e9d00000)
  to   space 26112K, 0% used [0x00000000e7000000,0x00000000e7000000,0x00000000e8980000)
 ParOldGen       total 92160K, used 36537K [0x00000000a0000000, 0x00000000a5a00000, 0x00000000e0000000)
  object space 92160K, 39% used [0x00000000a0000000,0x00000000a23ae5f8,0x00000000a5a00000)
 Metaspace       used 52552K, capacity 53531K, committed 53720K, reserved 1095680K
  class space    used 6554K, capacity 6814K, committed 6912K, reserved 1048576K
Event: 77.206 GC heap after
Heap after GC invocations=11 (full 2):
 PSYoungGen      total 140800K, used 26100K [0x00000000e0000000, 0x00000000ee800000, 0x0000000100000000)
  eden space 114688K, 0% used [0x00000000e0000000,0x00000000e0000000,0x00000000e7000000)
  from space 26112K, 99% used [0x00000000e7000000,0x00000000e897d0c8,0x00000000e8980000)
  to   space 37376K, 0% used [0x00000000ec380000,0x00000000ec380000,0x00000000ee800000)
 ParOldGen       total 92160K, used 55336K [0x00000000a0000000, 0x00000000a5a00000, 0x00000000e0000000)
  object space 92160K, 60% used [0x00000000a0000000,0x00000000a360a098,0x00000000a5a00000)
 Metaspace       used 52552K, capacity 53531K, committed 53720K, reserved 1095680K
  class space    used 6554K, capacity 6814K, committed 6912K, reserved 1048576K
}
Event: 82.973 GC heap before
{Heap before GC invocations=12 (full 2):
 PSYoungGen      total 140800K, used 140788K [0x00000000e0000000, 0x00000000ee800000, 0x0000000100000000)
  eden space 114688K, 100% used [0x00000000e0000000,0x00000000e7000000,0x00000000e7000000)
  from space 26112K, 99% used [0x00000000e7000000,0x00000000e897d0c8,0x00000000e8980000)
  to   space 37376K, 0% used [0x00000000ec380000,0x00000000ec380000,0x00000000ee800000)
 ParOldGen       total 92160K, used 55336K [0x00000000a0000000, 0x00000000a5a00000, 0x00000000e0000000)
  object space 92160K, 60% used [0x00000000a0000000,0x00000000a360a098,0x00000000a5a00000)
 Metaspace       used 53095K, capacity 54117K, committed 54232K, reserved 1097728K
  class space    used 6581K, capacity 6851K, committed 6912K, reserved 1048576K
Event: 83.194 GC heap after
Heap after GC invocations=12 (full 2):
 PSYoungGen      total 197120K, used 30677K [0x00000000e0000000, 0x00000000ef080000, 0x0000000100000000)
  eden space 159744K, 0% used [0x00000000e0000000,0x00000000e0000000,0x00000000e9c00000)
  from space 37376K, 82% used [0x00000000ec380000,0x00000000ee175580,0x00000000ee800000)
  to   space 40448K, 0% used [0x00000000e9c00000,0x00000000e9c00000,0x00000000ec380000)
 ParOldGen       total 92160K, used 73577K [0x00000000a0000000, 0x00000000a5a00000, 0x00000000e0000000)
  object space 92160K, 79% used [0x00000000a0000000,0x00000000a47da710,0x00000000a5a00000)
 Metaspace       used 53095K, capacity 54117K, committed 54232K, reserved 1097728K
  class space    used 6581K, capacity 6851K, committed 6912K, reserved 1048576K
}
Event: 83.194 GC heap before
{Heap before GC invocations=13 (full 3):
 PSYoungGen      total 197120K, used 30677K [0x00000000e0000000, 0x00000000ef080000, 0x0000000100000000)
  eden space 159744K, 0% used [0x00000000e0000000,0x00000000e0000000,0x00000000e9c00000)
  from space 37376K, 82% used [0x00000000ec380000,0x00000000ee175580,0x00000000ee800000)
  to   space 40448K, 0% used [0x00000000e9c00000,0x00000000e9c00000,0x00000000ec380000)
 ParOldGen       total 92160K, used 73577K [0x00000000a0000000, 0x00000000a5a00000, 0x00000000e0000000)
  object space 92160K, 79% used [0x00000000a0000000,0x00000000a47da710,0x00000000a5a00000)
 Metaspace       used 53095K, capacity 54117K, committed 54232K, reserved 1097728K
  class space    used 6581K, capacity 6851K, committed 6912K, reserved 1048576K

